<?xml version="1.0" encoding="UTF-8"?>
<!-- Generated by org.testng.reporters.JUnitXMLReporter -->
<testsuite hostname="DESKTOP-VDML5CQ" ignored="0" name="BankingApp Test" tests="2" failures="0" timestamp="21 Nov 2019 14:02:45 GMT" time="39.636" errors="0">
  <testcase name="loginTest" time="1.836" classname="com.Inetbanking.testcases.TC_LoginTest_001"/>
  <testcase name="addNewCustomer" time="18.187" classname="com.Inetbanking.testcases.TC_AddCustomerTest_003"/>
</testsuite> <!-- BankingApp Test -->
