<?xml version="1.0" encoding="UTF-8"?>
<testng-results skipped="0" failed="0" ignored="0" total="2" passed="2">
  <reporter-output>
  </reporter-output>
  <suite name="InetBanking" duration-ms="39636" started-at="2019-11-21T14:02:05Z" finished-at="2019-11-21T14:02:44Z">
    <groups>
    </groups>
    <test name="BankingApp Test" duration-ms="39636" started-at="2019-11-21T14:02:05Z" finished-at="2019-11-21T14:02:44Z">
      <class name="com.Inetbanking.testcases.TC_LoginTest_001">
        <test-method status="PASS" signature="setup(java.lang.String)[pri:0, instance:com.Inetbanking.testcases.TC_LoginTest_001@11d970]" name="setup" is-config="true" duration-ms="9277" started-at="2019-11-21T14:02:05Z" finished-at="2019-11-21T14:02:14Z">
          <params>
            <param index="0">
              <value>
                <![CDATA[chrome]]>
              </value>
            </param>
          </params>
          <reporter-output>
          </reporter-output>
        </test-method> <!-- setup -->
        <test-method status="PASS" signature="loginTest()[pri:0, instance:com.Inetbanking.testcases.TC_LoginTest_001@11d970]" name="loginTest" duration-ms="1836" started-at="2019-11-21T14:02:14Z" finished-at="2019-11-21T14:02:16Z">
          <reporter-output>
          </reporter-output>
        </test-method> <!-- loginTest -->
        <test-method status="PASS" signature="tearDown()[pri:0, instance:com.Inetbanking.testcases.TC_LoginTest_001@11d970]" name="tearDown" is-config="true" duration-ms="672" started-at="2019-11-21T14:02:16Z" finished-at="2019-11-21T14:02:17Z">
          <reporter-output>
          </reporter-output>
        </test-method> <!-- tearDown -->
      </class> <!-- com.Inetbanking.testcases.TC_LoginTest_001 -->
      <class name="com.Inetbanking.testcases.TC_AddCustomerTest_003">
        <test-method status="PASS" signature="setup(java.lang.String)[pri:0, instance:com.Inetbanking.testcases.TC_AddCustomerTest_003@42b0a6]" name="setup" is-config="true" duration-ms="8765" started-at="2019-11-21T14:02:17Z" finished-at="2019-11-21T14:02:26Z">
          <params>
            <param index="0">
              <value>
                <![CDATA[chrome]]>
              </value>
            </param>
          </params>
          <reporter-output>
          </reporter-output>
        </test-method> <!-- setup -->
        <test-method status="PASS" signature="addNewCustomer()[pri:0, instance:com.Inetbanking.testcases.TC_AddCustomerTest_003@42b0a6]" name="addNewCustomer" duration-ms="18187" started-at="2019-11-21T14:02:26Z" finished-at="2019-11-21T14:02:44Z">
          <reporter-output>
          </reporter-output>
        </test-method> <!-- addNewCustomer -->
        <test-method status="PASS" signature="tearDown()[pri:0, instance:com.Inetbanking.testcases.TC_AddCustomerTest_003@42b0a6]" name="tearDown" is-config="true" duration-ms="685" started-at="2019-11-21T14:02:44Z" finished-at="2019-11-21T14:02:44Z">
          <reporter-output>
          </reporter-output>
        </test-method> <!-- tearDown -->
      </class> <!-- com.Inetbanking.testcases.TC_AddCustomerTest_003 -->
    </test> <!-- BankingApp Test -->
  </suite> <!-- InetBanking -->
</testng-results>
